2025-05-26 07:46:45,122 INFO: Campus Locker System startup [in /app/campus_locker_system/app/__init__.py:30]
2025-05-26 07:46:45,373 ERROR: Failed to send PIN email to test@example.com: [Errno 97] Address family not supported by protocol [in /app/campus_locker_system/app/application/services.py:67]
2025-05-26 07:46:45,629 ERROR: Failed to send PIN email to sender@example.com: [Errno 97] Address family not supported by protocol [in /app/campus_locker_system/app/application/services.py:67]
2025-05-26 07:48:22,610 INFO: Campus Locker System startup [in /app/campus_locker_system/app/__init__.py:30]
2025-05-26 07:48:22,838 ERROR: Failed to send PIN email to test@example.com: [Errno 97] Address family not supported by protocol [in /app/campus_locker_system/app/application/services.py:71]
2025-05-26 07:48:23,067 ERROR: Failed to send PIN email to sender@example.com: [Errno 97] Address family not supported by protocol [in /app/campus_locker_system/app/application/services.py:71]
2025-05-26 07:54:08,912 INFO: Campus Locker System startup [in /app/campus_locker_system/app/__init__.py:30]
2025-05-26 07:54:09,147 ERROR: Failed to send PIN email to test@example.com: [Errno 97] Address family not supported by protocol [in /app/campus_locker_system/app/application/services.py:71]
2025-05-26 07:54:09,437 ERROR: Failed to send PIN email to sender@example.com: [Errno 97] Address family not supported by protocol [in /app/campus_locker_system/app/application/services.py:71]
2025-05-26 07:54:51,642 INFO: Campus Locker System startup [in /app/campus_locker_system/app/__init__.py:30]
2025-05-26 07:54:51,865 ERROR: Failed to send PIN email to test@example.com: [Errno 97] Address family not supported by protocol [in /app/campus_locker_system/app/application/services.py:71]
2025-05-26 07:54:52,069 ERROR: Failed to send PIN email to oos_test_locker1@example.com: [Errno 97] Address family not supported by protocol [in /app/campus_locker_system/app/application/services.py:71]
2025-05-26 07:54:52,474 ERROR: Failed to send PIN email to sender@example.com: [Errno 97] Address family not supported by protocol [in /app/campus_locker_system/app/application/services.py:71]
2025-05-26 07:57:17,221 INFO: Campus Locker System startup [in /app/campus_locker_system/app/__init__.py:30]
2025-05-26 07:57:17,447 ERROR: Failed to send PIN email to test@example.com: [Errno 97] Address family not supported by protocol [in /app/campus_locker_system/app/application/services.py:83]
2025-05-26 07:57:17,651 ERROR: Failed to send PIN email to oos_test_locker1@example.com: [Errno 97] Address family not supported by protocol [in /app/campus_locker_system/app/application/services.py:83]
2025-05-26 07:57:18,058 ERROR: Failed to send PIN email to sender@example.com: [Errno 97] Address family not supported by protocol [in /app/campus_locker_system/app/application/services.py:83]
2025-05-26 07:57:52,367 INFO: Campus Locker System startup [in /app/campus_locker_system/app/__init__.py:30]
2025-05-26 07:57:52,601 ERROR: Failed to send PIN email to test@example.com: [Errno 97] Address family not supported by protocol [in /app/campus_locker_system/app/application/services.py:83]
2025-05-26 07:57:52,804 ERROR: Failed to send PIN email to oos_test_locker1@example.com: [Errno 97] Address family not supported by protocol [in /app/campus_locker_system/app/application/services.py:83]
2025-05-26 07:57:53,220 ERROR: Failed to send PIN email to sender@example.com: [Errno 97] Address family not supported by protocol [in /app/campus_locker_system/app/application/services.py:83]
2025-05-26 08:23:27,031 INFO: Campus Locker System startup [in /app/campus_locker_system/app/__init__.py:30]
2025-05-26 08:23:27,327 ERROR: Failed to send PIN email to test_deposit_audit@example.com: [Errno 97] Address family not supported by protocol [in /app/campus_locker_system/app/application/services.py:118]
2025-05-26 08:23:27,670 ERROR: Failed to send PIN email to oos_test_locker1@example.com: [Errno 97] Address family not supported by protocol [in /app/campus_locker_system/app/application/services.py:118]
2025-05-26 08:23:28,138 ERROR: Failed to send PIN email to pickup_success_audit@example.com: [Errno 97] Address family not supported by protocol [in /app/campus_locker_system/app/application/services.py:118]
2025-05-26 08:23:28,542 ERROR: Failed to send PIN email to expired_pin_audit@example.com: [Errno 97] Address family not supported by protocol [in /app/campus_locker_system/app/application/services.py:118]
2025-05-26 08:23:28,976 ERROR: Failed to send PIN email to sender@example.com: [Errno 97] Address family not supported by protocol [in /app/campus_locker_system/app/application/services.py:118]
2025-05-26 08:25:10,213 INFO: Campus Locker System startup [in /app/campus_locker_system/app/__init__.py:30]
2025-05-26 08:25:10,453 ERROR: Failed to send PIN email to test_deposit_audit@example.com: [Errno 97] Address family not supported by protocol [in /app/campus_locker_system/app/application/services.py:118]
2025-05-26 08:25:10,756 ERROR: Failed to send PIN email to oos_test_locker1@example.com: [Errno 97] Address family not supported by protocol [in /app/campus_locker_system/app/application/services.py:118]
2025-05-26 08:25:11,153 ERROR: Failed to send PIN email to pickup_success_audit@example.com: [Errno 97] Address family not supported by protocol [in /app/campus_locker_system/app/application/services.py:118]
2025-05-26 08:25:11,539 ERROR: Failed to send PIN email to expired_pin_audit@example.com: [Errno 97] Address family not supported by protocol [in /app/campus_locker_system/app/application/services.py:118]
2025-05-26 08:25:11,953 ERROR: Failed to send PIN email to sender@example.com: [Errno 97] Address family not supported by protocol [in /app/campus_locker_system/app/application/services.py:118]
2025-05-26 08:27:19,022 INFO: Campus Locker System startup [in /app/campus_locker_system/app/__init__.py:30]
2025-05-26 08:27:19,253 ERROR: Failed to send PIN email to test_deposit_audit@example.com: [Errno 97] Address family not supported by protocol [in /app/campus_locker_system/app/application/services.py:118]
2025-05-26 08:27:19,264 WARNING: Test captured an EMAIL_NOTIFICATION_FAIL event: [Errno 97] Address family not supported by protocol [in /app/campus_locker_system/tests/test_application.py:81]
2025-05-26 08:27:19,499 ERROR: Failed to send PIN email to oos_test_locker1@example.com: [Errno 97] Address family not supported by protocol [in /app/campus_locker_system/app/application/services.py:118]
2025-05-26 08:27:19,889 ERROR: Failed to send PIN email to pickup_success_audit@example.com: [Errno 97] Address family not supported by protocol [in /app/campus_locker_system/app/application/services.py:118]
2025-05-26 08:27:20,276 ERROR: Failed to send PIN email to expired_pin_audit@example.com: [Errno 97] Address family not supported by protocol [in /app/campus_locker_system/app/application/services.py:118]
2025-05-26 08:27:20,691 ERROR: Failed to send PIN email to sender@example.com: [Errno 97] Address family not supported by protocol [in /app/campus_locker_system/app/application/services.py:118]
